<?xml version="1.0" encoding="UTF-8"?>
<!-- Generated by org.testng.reporters.JUnitXMLReporter -->
<testsuite hostname="DESKTOP-S6JBVRO" ignored="1" name="Default test" tests="4" failures="0" timestamp="2020-12-14T19:12:27 EST" time="0.054" errors="0">
  <testcase name="Booking_Round_Trip_TC0" time="0.005" classname="com.booking.BookingFlight1214"/>
  <testcase name="Booking_Round_Trip_TC1" time="0.001" classname="com.booking.BookingFlight1214"/>
  <testcase name="Booking_Round_Trip_TC2" time="0.001" classname="com.booking.BookingFlight1214"/>
  <testcase name="Booking_Oneway_Trip_TC3" time="0.0" classname="com.booking.BookingFlight1214"/>
  <testcase name="Booking_Oneway_Trip_TC4" time="0.0" classname="com.booking.BookingFlight1214">
    <ignored/>
  </testcase> <!-- Booking_Oneway_Trip_TC4 -->
</testsuite> <!-- Default test -->
