<?xml version="1.0" encoding="UTF-8"?>
<!-- Generated by org.testng.reporters.JUnitXMLReporter -->
<testsuite hostname="DESKTOP-S6JBVRO" ignored="1" name="Test" tests="12" failures="0" timestamp="2020-12-25T22:22:59 EST" time="0.12" errors="0">
  <testcase name="Booking_Hotel_2NdFL_TC4" time="0.006" classname="com.booking.BookHotel1214"/>
  <testcase name="Booking_Hotel_Checkin_TC1" time="0.002" classname="com.booking.BookHotel1214"/>
  <testcase name="Booking_Hotel_Checkout_TC2" time="0.001" classname="com.booking.BookHotel1214"/>
  <testcase name="Booking_Hotel_RoomNum_TC3" time="0.001" classname="com.booking.BookHotel1214"/>
  <testcase name="Booking_Round_Trip_TC0" time="0.001" classname="com.booking.BookingFlight1214"/>
  <testcase name="Booking_Round_Trip_TC1" time="0.002" classname="com.booking.BookingFlight1214"/>
  <testcase name="Booking_Round_Trip_TC2" time="0.002" classname="com.booking.BookingFlight1214"/>
  <testcase name="Booking_Oneway_Trip_TC3" time="0.001" classname="com.booking.BookingFlight1214"/>
  <testcase name="Flight_Cafe_dumkin_TC2" time="0.002" classname="com.booking.BookHolidayPackage1214"/>
  <testcase name="Flight_arrivel_city_Dubai_TC4" time="0.001" classname="com.booking.BookHolidayPackage1214"/>
  <testcase name="Flight_dep_city_TC1" time="0.001" classname="com.booking.BookHolidayPackage1214"/>
  <testcase name="Flight_plane_777_TC3" time="0.002" classname="com.booking.BookHolidayPackage1214"/>
  <testcase name="Booking_Oneway_Trip_TC4" time="0.0" classname="com.booking.BookingFlight1214">
    <ignored/>
  </testcase> <!-- Booking_Oneway_Trip_TC4 -->
</testsuite> <!-- Test -->
