<?xml version="1.0" encoding="UTF-8"?>
<testng-results skipped="0" failed="0" ignored="1" total="5" passed="4">
  <reporter-output>
  </reporter-output>
  <suite name="Default suite" duration-ms="56" started-at="2021-01-24T19:43:08 EST" finished-at="2021-01-24T19:43:08 EST">
    <groups>
    </groups>
    <test name="Default test" duration-ms="56" started-at="2021-01-24T19:43:08 EST" finished-at="2021-01-24T19:43:08 EST">
      <class name="com.booking.BookingFlight1214">
        <test-method status="PASS" signature="BeforeTestCase1()[pri:0, instance:com.booking.BookingFlight1214@2b2948e2]" name="BeforeTestCase1" is-config="true" duration-ms="11" started-at="2021-01-24T19:43:08 EST" finished-at="2021-01-24T19:43:08 EST">
          <reporter-output>
          </reporter-output>
        </test-method> <!-- BeforeTestCase1 -->
        <test-method status="PASS" signature="BeforeMethord()[pri:0, instance:com.booking.BookingFlight1214@2b2948e2]" name="BeforeMethord" is-config="true" duration-ms="0" started-at="2021-01-24T19:43:08 EST" finished-at="2021-01-24T19:43:08 EST">
          <reporter-output>
          </reporter-output>
        </test-method> <!-- BeforeMethord -->
        <test-method status="PASS" signature="Booking_Round_Trip_TC0()[pri:0, instance:com.booking.BookingFlight1214@2b2948e2]" name="Booking_Round_Trip_TC0" duration-ms="3" started-at="2021-01-24T19:43:08 EST" finished-at="2021-01-24T19:43:08 EST">
          <reporter-output>
          </reporter-output>
        </test-method> <!-- Booking_Round_Trip_TC0 -->
        <test-method status="PASS" signature="AfterMethord()[pri:0, instance:com.booking.BookingFlight1214@2b2948e2]" name="AfterMethord" is-config="true" duration-ms="0" started-at="2021-01-24T19:43:08 EST" finished-at="2021-01-24T19:43:08 EST">
          <reporter-output>
          </reporter-output>
        </test-method> <!-- AfterMethord -->
        <test-method status="PASS" signature="BeforeMethord()[pri:0, instance:com.booking.BookingFlight1214@2b2948e2]" name="BeforeMethord" is-config="true" duration-ms="1" started-at="2021-01-24T19:43:08 EST" finished-at="2021-01-24T19:43:08 EST">
          <reporter-output>
          </reporter-output>
        </test-method> <!-- BeforeMethord -->
        <test-method status="PASS" signature="Booking_Round_Trip_TC1()[pri:0, instance:com.booking.BookingFlight1214@2b2948e2]" name="Booking_Round_Trip_TC1" duration-ms="1" started-at="2021-01-24T19:43:08 EST" finished-at="2021-01-24T19:43:08 EST">
          <reporter-output>
          </reporter-output>
        </test-method> <!-- Booking_Round_Trip_TC1 -->
        <test-method status="PASS" signature="AfterMethord()[pri:0, instance:com.booking.BookingFlight1214@2b2948e2]" name="AfterMethord" is-config="true" duration-ms="1" started-at="2021-01-24T19:43:08 EST" finished-at="2021-01-24T19:43:08 EST">
          <reporter-output>
          </reporter-output>
        </test-method> <!-- AfterMethord -->
        <test-method status="PASS" signature="BeforeMethord()[pri:0, instance:com.booking.BookingFlight1214@2b2948e2]" name="BeforeMethord" is-config="true" duration-ms="0" started-at="2021-01-24T19:43:08 EST" finished-at="2021-01-24T19:43:08 EST">
          <reporter-output>
          </reporter-output>
        </test-method> <!-- BeforeMethord -->
        <test-method status="PASS" signature="Booking_Round_Trip_TC2()[pri:0, instance:com.booking.BookingFlight1214@2b2948e2]" name="Booking_Round_Trip_TC2" duration-ms="2" started-at="2021-01-24T19:43:08 EST" finished-at="2021-01-24T19:43:08 EST">
          <reporter-output>
          </reporter-output>
        </test-method> <!-- Booking_Round_Trip_TC2 -->
        <test-method status="PASS" signature="AfterMethord()[pri:0, instance:com.booking.BookingFlight1214@2b2948e2]" name="AfterMethord" is-config="true" duration-ms="0" started-at="2021-01-24T19:43:08 EST" finished-at="2021-01-24T19:43:08 EST">
          <reporter-output>
          </reporter-output>
        </test-method> <!-- AfterMethord -->
        <test-method status="PASS" signature="BeforeMethord()[pri:0, instance:com.booking.BookingFlight1214@2b2948e2]" name="BeforeMethord" is-config="true" duration-ms="0" started-at="2021-01-24T19:43:08 EST" finished-at="2021-01-24T19:43:08 EST">
          <reporter-output>
          </reporter-output>
        </test-method> <!-- BeforeMethord -->
        <test-method status="PASS" signature="Booking_Oneway_Trip_TC3()[pri:0, instance:com.booking.BookingFlight1214@2b2948e2]" name="Booking_Oneway_Trip_TC3" duration-ms="1" started-at="2021-01-24T19:43:08 EST" depends-on-methods="com.booking.BookingFlight1214.Booking_Round_Trip_TC1" finished-at="2021-01-24T19:43:08 EST">
          <reporter-output>
          </reporter-output>
        </test-method> <!-- Booking_Oneway_Trip_TC3 -->
        <test-method status="PASS" signature="AfterMethord()[pri:0, instance:com.booking.BookingFlight1214@2b2948e2]" name="AfterMethord" is-config="true" duration-ms="0" started-at="2021-01-24T19:43:08 EST" finished-at="2021-01-24T19:43:08 EST">
          <reporter-output>
          </reporter-output>
        </test-method> <!-- AfterMethord -->
        <test-method status="PASS" signature="AfterTestCase1()[pri:0, instance:com.booking.BookingFlight1214@2b2948e2]" name="AfterTestCase1" is-config="true" duration-ms="0" started-at="2021-01-24T19:43:08 EST" finished-at="2021-01-24T19:43:08 EST">
          <reporter-output>
          </reporter-output>
        </test-method> <!-- AfterTestCase1 -->
      </class> <!-- com.booking.BookingFlight1214 -->
    </test> <!-- Default test -->
  </suite> <!-- Default suite -->
</testng-results>
